# JRE version: OpenJDK Runtime Environment (8.0_112-b06) (build 1.8.0_112-release-b06)
# Java VM: OpenJDK 64-Bit Server VM (25.112-b06 mixed mode linux-amd64 compressed oops)
Heap:
 PSYoungGen      total 152576K, used 14334K [0x00000000e0000000, 0x00000000ea300000, 0x0000000100000000)
  eden space 138240K, 0% used [0x00000000e0000000,0x00000000e0000000,0x00000000e8700000)
  from space 14336K, 99% used [0x00000000e8700000,0x00000000e94ffa10,0x00000000e9500000)
  to   space 11776K, 0% used [0x00000000e9500000,0x00000000e9500000,0x00000000ea080000)
 ParOldGen       total 48640K, used 33411K [0x00000000a0000000, 0x00000000a2f80000, 0x00000000e0000000)
  object space 48640K, 68% used [0x00000000a0000000,0x00000000a20a0f40,0x00000000a2f80000)
 Metaspace       used 53045K, capacity 54764K, committed 54960K, reserved 1097728K
  class space    used 7079K, capacity 7495K, committed 7600K, reserved 1048576K
GC Heap History (10 events):
Event: 4,849 GC heap after
Heap after GC invocations=10 (full 1):
 PSYoungGen      total 87552K, used 8191K [0x00000000e0000000, 0x00000000e7280000, 0x0000000100000000)
  eden space 79360K, 0% used [0x00000000e0000000,0x00000000e0000000,0x00000000e4d80000)
  from space 8192K, 99% used [0x00000000e4d80000,0x00000000e557fea8,0x00000000e5580000)
  to   space 10752K, 0% used [0x00000000e6800000,0x00000000e6800000,0x00000000e7280000)
 ParOldGen       total 38400K, used 12241K [0x00000000a0000000, 0x00000000a2580000, 0x00000000e0000000)
  object space 38400K, 31% used [0x00000000a0000000,0x00000000a0bf46c0,0x00000000a2580000)
 Metaspace       used 34608K, capacity 35154K, committed 35496K, reserved 1079296K
  class space    used 4652K, capacity 4789K, committed 4912K, reserved 1048576K
}
Event: 4,867 GC heap before
{Heap before GC invocations=11 (full 1):
 PSYoungGen      total 87552K, used 9644K [0x00000000e0000000, 0x00000000e7280000, 0x0000000100000000)
  eden space 79360K, 1% used [0x00000000e0000000,0x00000000e016b548,0x00000000e4d80000)
  from space 8192K, 99% used [0x00000000e4d80000,0x00000000e557fea8,0x00000000e5580000)
  to   space 10752K, 0% used [0x00000000e6800000,0x00000000e6800000,0x00000000e7280000)
 ParOldGen       total 38400K, used 12241K [0x00000000a0000000, 0x00000000a2580000, 0x00000000e0000000)
  object space 38400K, 31% used [0x00000000a0000000,0x00000000a0bf46c0,0x00000000a2580000)
 Metaspace       used 34743K, capacity 35256K, committed 35496K, reserved 1079296K
  class space    used 4667K, capacity 4822K, committed 4912K, reserved 1048576K
Event: 4,884 GC heap after
Heap after GC invocations=11 (full 1):
 PSYoungGen      total 106496K, used 7156K [0x00000000e0000000, 0x00000000e8800000, 0x0000000100000000)
  eden space 95744K, 0% used [0x00000000e0000000,0x00000000e0000000,0x00000000e5d80000)
  from space 10752K, 66% used [0x00000000e6800000,0x00000000e6efd040,0x00000000e7280000)
  to   space 10752K, 0% used [0x00000000e5d80000,0x00000000e5d80000,0x00000000e6800000)
 ParOldGen       total 38400K, used 12313K [0x00000000a0000000, 0x00000000a2580000, 0x00000000e0000000)
  object space 38400K, 32% used [0x00000000a0000000,0x00000000a0c066d0,0x00000000a2580000)
 Metaspace       used 34743K, capacity 35256K, committed 35496K, reserved 1079296K
  class space    used 4667K, capacity 4822K, committed 4912K, reserved 1048576K
}
Event: 4,884 GC heap before
{Heap before GC invocations=12 (full 2):
 PSYoungGen      total 106496K, used 7156K [0x00000000e0000000, 0x00000000e8800000, 0x0000000100000000)
  eden space 95744K, 0% used [0x00000000e0000000,0x00000000e0000000,0x00000000e5d80000)
  from space 10752K, 66% used [0x00000000e6800000,0x00000000e6efd040,0x00000000e7280000)
  to   space 10752K, 0% used [0x00000000e5d80000,0x00000000e5d80000,0x00000000e6800000)
 ParOldGen       total 38400K, used 12313K [0x00000000a0000000, 0x00000000a2580000, 0x00000000e0000000)
  object space 38400K, 32% used [0x00000000a0000000,0x00000000a0c066d0,0x00000000a2580000)
 Metaspace       used 34743K, capacity 35256K, committed 35496K, reserved 1079296K
  class space    used 4667K, capacity 4822K, committed 4912K, reserved 1048576K
Event: 4,962 GC heap after
Heap after GC invocations=12 (full 2):
 PSYoungGen      total 106496K, used 0K [0x00000000e0000000, 0x00000000e8800000, 0x0000000100000000)
  eden space 95744K, 0% used [0x00000000e0000000,0x00000000e0000000,0x00000000e5d80000)
  from space 10752K, 0% used [0x00000000e6800000,0x00000000e6800000,0x00000000e7280000)
  to   space 10752K, 0% used [0x00000000e5d80000,0x00000000e5d80000,0x00000000e6800000)
 ParOldGen       total 48640K, used 13966K [0x00000000a0000000, 0x00000000a2f80000, 0x00000000e0000000)
  object space 48640K, 28% used [0x00000000a0000000,0x00000000a0da3860,0x00000000a2f80000)
 Metaspace       used 34743K, capacity 35256K, committed 35496K, reserved 1079296K
  class space    used 4667K, capacity 4822K, committed 4912K, reserved 1048576K
}
Event: 6,181 GC heap before
{Heap before GC invocations=13 (full 2):
 PSYoungGen      total 106496K, used 95744K [0x00000000e0000000, 0x00000000e8800000, 0x0000000100000000)
  eden space 95744K, 100% used [0x00000000e0000000,0x00000000e5d80000,0x00000000e5d80000)
  from space 10752K, 0% used [0x00000000e6800000,0x00000000e6800000,0x00000000e7280000)
  to   space 10752K, 0% used [0x00000000e5d80000,0x00000000e5d80000,0x00000000e6800000)
 ParOldGen       total 48640K, used 13966K [0x00000000a0000000, 0x00000000a2f80000, 0x00000000e0000000)
  object space 48640K, 28% used [0x00000000a0000000,0x00000000a0da3860,0x00000000a2f80000)
 Metaspace       used 42271K, capacity 43128K, committed 43312K, reserved 1087488K
  class space    used 5670K, capacity 5929K, committed 5936K, reserved 1048576K
Event: 6,195 GC heap after
Heap after GC invocations=13 (full 2):
 PSYoungGen      total 106496K, used 9567K [0x00000000e0000000, 0x00000000ea080000, 0x0000000100000000)
  eden space 95744K, 0% used [0x00000000e0000000,0x00000000e0000000,0x00000000e5d80000)
  from space 10752K, 88% used [0x00000000e5d80000,0x00000000e66d7ec8,0x00000000e6800000)
  to   space 11776K, 0% used [0x00000000e9500000,0x00000000e9500000,0x00000000ea080000)
 ParOldGen       total 48640K, used 13974K [0x00000000a0000000, 0x00000000a2f80000, 0x00000000e0000000)
  object space 48640K, 28% used [0x00000000a0000000,0x00000000a0da5860,0x00000000a2f80000)
 Metaspace       used 42271K, capacity 43128K, committed 43312K, reserved 1087488K
  class space    used 5670K, capacity 5929K, committed 5936K, reserved 1048576K
}
Event: 7,264 GC heap before
{Heap before GC invocations=14 (full 2):
 PSYoungGen      total 106496K, used 105311K [0x00000000e0000000, 0x00000000ea080000, 0x0000000100000000)
  eden space 95744K, 100% used [0x00000000e0000000,0x00000000e5d80000,0x00000000e5d80000)
  from space 10752K, 88% used [0x00000000e5d80000,0x00000000e66d7ec8,0x00000000e6800000)
  to   space 11776K, 0% used [0x00000000e9500000,0x00000000e9500000,0x00000000ea080000)
 ParOldGen       total 48640K, used 13974K [0x00000000a0000000, 0x00000000a2f80000, 0x00000000e0000000)
  object space 48640K, 28% used [0x00000000a0000000,0x00000000a0da5860,0x00000000a2f80000)
 Metaspace       used 46075K, capacity 47410K, committed 47664K, reserved 1089536K
  class space    used 6241K, capacity 6578K, committed 6704K, reserved 1048576K
Event: 7,290 GC heap after
Heap after GC invocations=14 (full 2):
 PSYoungGen      total 150016K, used 11747K [0x00000000e0000000, 0x00000000ea300000, 0x0000000100000000)
  eden space 138240K, 0% used [0x00000000e0000000,0x00000000e0000000,0x00000000e8700000)
  from space 11776K, 99% used [0x00000000e9500000,0x00000000ea078c98,0x00000000ea080000)
  to   space 14336K, 0% used [0x00000000e8700000,0x00000000e8700000,0x00000000e9500000)
 ParOldGen       total 48640K, used 16762K [0x00000000a0000000, 0x00000000a2f80000, 0x00000000e0000000)
  object space 48640K, 34% used [0x00000000a0000000,0x00000000a105ebb0,0x00000000a2f80000)
 Metaspace       used 46075K, capacity 47410K, committed 47664K, reserved 1089536K
  class space    used 6241K, capacity 6578K, committed 6704K, reserved 1048576K
}
Event: 9,133 GC heap before
{Heap before GC invocations=15 (full 2):
 PSYoungGen      total 150016K, used 149987K [0x00000000e0000000, 0x00000000ea300000, 0x0000000100000000)
  eden space 138240K, 100% used [0x00000000e0000000,0x00000000e8700000,0x00000000e8700000)
  from space 11776K, 99% used [0x00000000e9500000,0x00000000ea078c98,0x00000000ea080000)
  to   space 14336K, 0% used [0x00000000e8700000,0x00000000e8700000,0x00000000e9500000)
 ParOldGen       total 48640K, used 16762K [0x00000000a0000000, 0x00000000a2f80000, 0x00000000e0000000)
  object space 48640K, 34% used [0x00000000a0000000,0x00000000a105ebb0,0x00000000a2f80000)
 Metaspace       used 53045K, capacity 54764K, committed 54960K, reserved 1097728K
  class space    used 7079K, capacity 7495K, committed 7600K, reserved 1048576K

