# JRE version: OpenJDK Runtime Environment (8.0_112-b06) (build 1.8.0_112-release-b06)
# Java VM: OpenJDK 64-Bit Server VM (25.112-b06 mixed mode linux-amd64 compressed oops)
Heap:
 PSYoungGen      total 147968K, used 20479K [0x00000000e0000000, 0x00000000ea680000, 0x0000000100000000)
  eden space 127488K, 0% used [0x00000000e0000000,0x00000000e0000000,0x00000000e7c80000)
  from space 20480K, 99% used [0x00000000e7c80000,0x00000000e907ffa0,0x00000000e9080000)
  to   space 14848K, 0% used [0x00000000e9080000,0x00000000e9080000,0x00000000e9f00000)
 ParOldGen       total 59392K, used 33950K [0x00000000a0000000, 0x00000000a3a00000, 0x00000000e0000000)
  object space 59392K, 57% used [0x00000000a0000000,0x00000000a2127bb8,0x00000000a3a00000)
 Metaspace       used 57423K, capacity 59108K, committed 59160K, reserved 1099776K
  class space    used 7722K, capacity 8089K, committed 8112K, reserved 1048576K
GC Heap History (10 events):
Event: 5,411 GC heap after
Heap after GC invocations=10 (full 1):
 PSYoungGen      total 96256K, used 8698K [0x00000000e0000000, 0x00000000e8000000, 0x0000000100000000)
  eden space 87552K, 0% used [0x00000000e0000000,0x00000000e0000000,0x00000000e5580000)
  from space 8704K, 99% used [0x00000000e5580000,0x00000000e5dfeb80,0x00000000e5e00000)
  to   space 10752K, 0% used [0x00000000e7580000,0x00000000e7580000,0x00000000e8000000)
 ParOldGen       total 39424K, used 14599K [0x00000000a0000000, 0x00000000a2680000, 0x00000000e0000000)
  object space 39424K, 37% used [0x00000000a0000000,0x00000000a0e41d80,0x00000000a2680000)
 Metaspace       used 34727K, capacity 35282K, committed 35496K, reserved 1079296K
  class space    used 4651K, capacity 4789K, committed 4912K, reserved 1048576K
}
Event: 5,411 GC heap before
{Heap before GC invocations=11 (full 2):
 PSYoungGen      total 96256K, used 8698K [0x00000000e0000000, 0x00000000e8000000, 0x0000000100000000)
  eden space 87552K, 0% used [0x00000000e0000000,0x00000000e0000000,0x00000000e5580000)
  from space 8704K, 99% used [0x00000000e5580000,0x00000000e5dfeb80,0x00000000e5e00000)
  to   space 10752K, 0% used [0x00000000e7580000,0x00000000e7580000,0x00000000e8000000)
 ParOldGen       total 39424K, used 14599K [0x00000000a0000000, 0x00000000a2680000, 0x00000000e0000000)
  object space 39424K, 37% used [0x00000000a0000000,0x00000000a0e41d80,0x00000000a2680000)
 Metaspace       used 34727K, capacity 35282K, committed 35496K, reserved 1079296K
  class space    used 4651K, capacity 4789K, committed 4912K, reserved 1048576K
Event: 5,505 GC heap after
Heap after GC invocations=11 (full 2):
 PSYoungGen      total 96256K, used 0K [0x00000000e0000000, 0x00000000e8000000, 0x0000000100000000)
  eden space 87552K, 0% used [0x00000000e0000000,0x00000000e0000000,0x00000000e5580000)
  from space 8704K, 0% used [0x00000000e5580000,0x00000000e5580000,0x00000000e5e00000)
  to   space 10752K, 0% used [0x00000000e7580000,0x00000000e7580000,0x00000000e8000000)
 ParOldGen       total 59392K, used 17906K [0x00000000a0000000, 0x00000000a3a00000, 0x00000000e0000000)
  object space 59392K, 30% used [0x00000000a0000000,0x00000000a117cb78,0x00000000a3a00000)
 Metaspace       used 34727K, capacity 35282K, committed 35496K, reserved 1079296K
  class space    used 4651K, capacity 4789K, committed 4912K, reserved 1048576K
}
Event: 6,663 GC heap before
{Heap before GC invocations=12 (full 2):
 PSYoungGen      total 96256K, used 87552K [0x00000000e0000000, 0x00000000e8000000, 0x0000000100000000)
  eden space 87552K, 100% used [0x00000000e0000000,0x00000000e5580000,0x00000000e5580000)
  from space 8704K, 0% used [0x00000000e5580000,0x00000000e5580000,0x00000000e5e00000)
  to   space 10752K, 0% used [0x00000000e7580000,0x00000000e7580000,0x00000000e8000000)
 ParOldGen       total 59392K, used 17906K [0x00000000a0000000, 0x00000000a3a00000, 0x00000000e0000000)
  object space 59392K, 30% used [0x00000000a0000000,0x00000000a117cb78,0x00000000a3a00000)
 Metaspace       used 42082K, capacity 42902K, committed 43056K, reserved 1087488K
  class space    used 5642K, capacity 5854K, committed 5936K, reserved 1048576K
Event: 6,674 GC heap after
Heap after GC invocations=12 (full 2):
 PSYoungGen      total 118272K, used 9678K [0x00000000e0000000, 0x00000000e8000000, 0x0000000100000000)
  eden space 107520K, 0% used [0x00000000e0000000,0x00000000e0000000,0x00000000e6900000)
  from space 10752K, 90% used [0x00000000e7580000,0x00000000e7ef3930,0x00000000e8000000)
  to   space 11776K, 0% used [0x00000000e6900000,0x00000000e6900000,0x00000000e7480000)
 ParOldGen       total 59392K, used 17914K [0x00000000a0000000, 0x00000000a3a00000, 0x00000000e0000000)
  object space 59392K, 30% used [0x00000000a0000000,0x00000000a117eb78,0x00000000a3a00000)
 Metaspace       used 42082K, capacity 42902K, committed 43056K, reserved 1087488K
  class space    used 5642K, capacity 5854K, committed 5936K, reserved 1048576K
}
Event: 8,126 GC heap before
{Heap before GC invocations=13 (full 2):
 PSYoungGen      total 118272K, used 117198K [0x00000000e0000000, 0x00000000e8000000, 0x0000000100000000)
  eden space 107520K, 100% used [0x00000000e0000000,0x00000000e6900000,0x00000000e6900000)
  from space 10752K, 90% used [0x00000000e7580000,0x00000000e7ef3930,0x00000000e8000000)
  to   space 11776K, 0% used [0x00000000e6900000,0x00000000e6900000,0x00000000e7480000)
 ParOldGen       total 59392K, used 17914K [0x00000000a0000000, 0x00000000a3a00000, 0x00000000e0000000)
  object space 59392K, 30% used [0x00000000a0000000,0x00000000a117eb78,0x00000000a3a00000)
 Metaspace       used 46552K, capacity 47954K, committed 48176K, reserved 1091584K
  class space    used 6298K, capacity 6648K, committed 6704K, reserved 1048576K
Event: 8,160 GC heap after
Heap after GC invocations=13 (full 2):
 PSYoungGen      total 119296K, used 11744K [0x00000000e0000000, 0x00000000e9f00000, 0x0000000100000000)
  eden space 107520K, 0% used [0x00000000e0000000,0x00000000e0000000,0x00000000e6900000)
  from space 11776K, 99% used [0x00000000e6900000,0x00000000e7478018,0x00000000e7480000)
  to   space 14848K, 0% used [0x00000000e9080000,0x00000000e9080000,0x00000000e9f00000)
 ParOldGen       total 59392K, used 21870K [0x00000000a0000000, 0x00000000a3a00000, 0x00000000e0000000)
  object space 59392K, 36% used [0x00000000a0000000,0x00000000a155b998,0x00000000a3a00000)
 Metaspace       used 46552K, capacity 47954K, committed 48176K, reserved 1091584K
  class space    used 6298K, capacity 6648K, committed 6704K, reserved 1048576K
}
Event: 16,446 GC heap before
{Heap before GC invocations=14 (full 2):
 PSYoungGen      total 119296K, used 119264K [0x00000000e0000000, 0x00000000e9f00000, 0x0000000100000000)
  eden space 107520K, 100% used [0x00000000e0000000,0x00000000e6900000,0x00000000e6900000)
  from space 11776K, 99% used [0x00000000e6900000,0x00000000e7478018,0x00000000e7480000)
  to   space 14848K, 0% used [0x00000000e9080000,0x00000000e9080000,0x00000000e9f00000)
 ParOldGen       total 59392K, used 21870K [0x00000000a0000000, 0x00000000a3a00000, 0x00000000e0000000)
  object space 59392K, 36% used [0x00000000a0000000,0x00000000a155b998,0x00000000a3a00000)
 Metaspace       used 52288K, capacity 54054K, committed 54192K, reserved 1095680K
  class space    used 7091K, capacity 7500K, committed 7600K, reserved 1048576K
Event: 16,483 GC heap after
Heap after GC invocations=14 (full 2):
 PSYoungGen      total 142336K, used 14832K [0x00000000e0000000, 0x00000000ea680000, 0x0000000100000000)
  eden space 127488K, 0% used [0x00000000e0000000,0x00000000e0000000,0x00000000e7c80000)
  from space 14848K, 99% used [0x00000000e9080000,0x00000000e9efc008,0x00000000e9f00000)
  to   space 20480K, 0% used [0x00000000e7c80000,0x00000000e7c80000,0x00000000e9080000)
 ParOldGen       total 59392K, used 31275K [0x00000000a0000000, 0x00000000a3a00000, 0x00000000e0000000)
  object space 59392K, 52% used [0x00000000a0000000,0x00000000a1e8adf8,0x00000000a3a00000)
 Metaspace       used 52288K, capacity 54054K, committed 54192K, reserved 1095680K
  class space    used 7091K, capacity 7500K, committed 7600K, reserved 1048576K
}
Event: 48,089 GC heap before
{Heap before GC invocations=15 (full 2):
 PSYoungGen      total 142336K, used 59640K [0x00000000e0000000, 0x00000000ea680000, 0x0000000100000000)
  eden space 127488K, 35% used [0x00000000e0000000,0x00000000e2bc2190,0x00000000e7c80000)
  from space 14848K, 99% used [0x00000000e9080000,0x00000000e9efc008,0x00000000e9f00000)
  to   space 20480K, 0% used [0x00000000e7c80000,0x00000000e7c80000,0x00000000e9080000)
 ParOldGen       total 59392K, used 31275K [0x00000000a0000000, 0x00000000a3a00000, 0x00000000e0000000)
  object space 59392K, 52% used [0x00000000a0000000,0x00000000a1e8adf8,0x00000000a3a00000)
 Metaspace       used 57423K, capacity 59108K, committed 59160K, reserved 1099776K
  class space    used 7722K, capacity 8089K, committed 8112K, reserved 1048576K

